[debug] [2024-11-23T05:16:54.134Z] ----------------------------------------------------------------------
[debug] [2024-11-23T05:16:54.136Z] Command:       C:\Program Files\nodejs\node.exe C:\Users\prave\AppData\Roaming\npm\node_modules\firebase-tools\lib\bin\firebase.js init
[debug] [2024-11-23T05:16:54.136Z] CLI Version:   13.27.0
[debug] [2024-11-23T05:16:54.136Z] Platform:      win32
[debug] [2024-11-23T05:16:54.137Z] Node Version:  v20.15.1
[debug] [2024-11-23T05:16:54.137Z] Time:          Sat Nov 23 2024 10:46:54 GMT+0530 (India Standard Time)
[debug] [2024-11-23T05:16:54.137Z] ----------------------------------------------------------------------
[debug] 
[debug] [2024-11-23T05:16:54.192Z] > command requires scopes: ["email","openid","https://www.googleapis.com/auth/cloudplatformprojects.readonly","https://www.googleapis.com/auth/firebase","https://www.googleapis.com/auth/cloud-platform"]
[debug] [2024-11-23T05:16:54.192Z] > authorizing via signed-in user (praveen9441443011@gmail.com)
[info] 
     ######## #### ########  ######## ########     ###     ######  ########
     ##        ##  ##     ## ##       ##     ##  ##   ##  ##       ##
     ######    ##  ########  ######   ########  #########  ######  ######
     ##        ##  ##    ##  ##       ##     ## ##     ##       ## ##
     ##       #### ##     ## ######## ########  ##     ##  ######  ########

You're about to initialize a Firebase project in this directory:

  C:\Users\prave\OneDrive\Desktop\BuyMore-E-comm\PickAnything_E-comm

Before we get started, keep in mind:

  * You are initializing within an existing Firebase project directory

[info] 
=== Project Setup
[info] 
[info] First, let's associate this project directory with a Firebase project.
[info] You can create multiple project aliases by running firebase use --add, 
[info] but for now we'll just set up a default project.
[info] 
[debug] [2024-11-23T05:17:15.986Z] Using project from CLI flag: clickk-cart
[debug] [2024-11-23T05:17:15.987Z] Checked if tokens are valid: true, expires at: 1732341761138
[debug] [2024-11-23T05:17:15.987Z] Checked if tokens are valid: true, expires at: 1732341761138
[debug] [2024-11-23T05:17:15.988Z] >>> [apiv2][query] GET https://firebase.googleapis.com/v1beta1/projects/clickk-cart [none]
[debug] [2024-11-23T05:17:16.683Z] <<< [apiv2][status] GET https://firebase.googleapis.com/v1beta1/projects/clickk-cart 200
[debug] [2024-11-23T05:17:16.683Z] <<< [apiv2][body] GET https://firebase.googleapis.com/v1beta1/projects/clickk-cart {"projectId":"clickk-cart","projectNumber":"836849602463","displayName":"Clickk Cart","name":"projects/clickk-cart","resources":{"hostingSite":"clickk-cart"},"state":"ACTIVE","etag":"1_382291e9-73ec-47a4-bdcf-d24a38b70df1"}
[info] i  Using project clickk-cart (Clickk Cart) 
[info] 
=== Hosting Setup
[debug] [2024-11-23T05:17:16.689Z] Checked if tokens are valid: true, expires at: 1732341761138
[debug] [2024-11-23T05:17:16.689Z] Checked if tokens are valid: true, expires at: 1732341761138
[debug] [2024-11-23T05:17:16.689Z] >>> [apiv2][query] GET https://firebase.googleapis.com/v1beta1/projects/clickk-cart [none]
[debug] [2024-11-23T05:17:17.057Z] <<< [apiv2][status] GET https://firebase.googleapis.com/v1beta1/projects/clickk-cart 200
[debug] [2024-11-23T05:17:17.058Z] <<< [apiv2][body] GET https://firebase.googleapis.com/v1beta1/projects/clickk-cart {"projectId":"clickk-cart","projectNumber":"836849602463","displayName":"Clickk Cart","name":"projects/clickk-cart","resources":{"hostingSite":"clickk-cart"},"state":"ACTIVE","etag":"1_382291e9-73ec-47a4-bdcf-d24a38b70df1"}
[info] 
[info] Your public directory is the folder (relative to your project directory) that
[info] will contain Hosting assets to be uploaded with firebase deploy. If you
[info] have a build process for your assets, use your build's output directory.
[info] 
